2020-06-17 08:17:56,165 0      [           main] DEBUG ache.ibatis.logging.LogFactory  - Logging initialized using 'class org.apache.ibatis.logging.log4j.Log4jImpl' adapter.
2020-06-17 08:17:56,190 25     [           main] DEBUG source.pooled.PooledDataSource  - PooledDataSource forcefully closed/removed all connections.
2020-06-17 08:17:56,190 25     [           main] DEBUG source.pooled.PooledDataSource  - PooledDataSource forcefully closed/removed all connections.
2020-06-17 08:17:56,190 25     [           main] DEBUG source.pooled.PooledDataSource  - PooledDataSource forcefully closed/removed all connections.
2020-06-17 08:17:56,190 25     [           main] DEBUG source.pooled.PooledDataSource  - PooledDataSource forcefully closed/removed all connections.
2020-06-17 08:17:56,305 140    [           main] DEBUG ansaction.jdbc.JdbcTransaction  - Opening JDBC Connection
2020-06-17 08:17:56,829 664    [           main] DEBUG source.pooled.PooledDataSource  - Created connection 2124046270.
2020-06-17 08:17:56,830 665    [           main] DEBUG ansaction.jdbc.JdbcTransaction  - Setting autocommit to false on JDBC Connection [com.mysql.jdbc.JDBC4Connection@7e9a5fbe]
2020-06-17 08:17:56,833 668    [           main] DEBUG    com.cc.dao.IUserDao.findAll  - ==>  Preparing: select * from user
2020-06-17 08:17:56,857 692    [           main] DEBUG    com.cc.dao.IUserDao.findAll  - ==> Parameters: 
2020-06-17 08:17:56,873 708    [           main] DEBUG    com.cc.dao.IUserDao.findAll  - <==      Total: 6
2020-06-17 08:17:56,873 708    [           main] DEBUG ansaction.jdbc.JdbcTransaction  - Resetting autocommit to true on JDBC Connection [com.mysql.jdbc.JDBC4Connection@7e9a5fbe]
2020-06-17 08:17:56,876 711    [           main] DEBUG ansaction.jdbc.JdbcTransaction  - Closing JDBC Connection [com.mysql.jdbc.JDBC4Connection@7e9a5fbe]
2020-06-17 08:17:56,876 711    [           main] DEBUG source.pooled.PooledDataSource  - Returned connection 2124046270 to pool.
2020-06-17 08:18:23,594 0      [           main] DEBUG ache.ibatis.logging.LogFactory  - Logging initialized using 'class org.apache.ibatis.logging.log4j.Log4jImpl' adapter.
2020-06-17 08:18:23,612 18     [           main] DEBUG source.pooled.PooledDataSource  - PooledDataSource forcefully closed/removed all connections.
2020-06-17 08:18:23,612 18     [           main] DEBUG source.pooled.PooledDataSource  - PooledDataSource forcefully closed/removed all connections.
2020-06-17 08:18:23,612 18     [           main] DEBUG source.pooled.PooledDataSource  - PooledDataSource forcefully closed/removed all connections.
2020-06-17 08:18:23,612 18     [           main] DEBUG source.pooled.PooledDataSource  - PooledDataSource forcefully closed/removed all connections.
2020-06-17 08:18:23,689 95     [           main] DEBUG ansaction.jdbc.JdbcTransaction  - Opening JDBC Connection
2020-06-17 08:18:24,025 431    [           main] DEBUG source.pooled.PooledDataSource  - Created connection 2124046270.
2020-06-17 08:18:24,025 431    [           main] DEBUG ansaction.jdbc.JdbcTransaction  - Setting autocommit to false on JDBC Connection [com.mysql.jdbc.JDBC4Connection@7e9a5fbe]
2020-06-17 08:18:24,029 435    [           main] DEBUG    com.cc.dao.IUserDao.findAll  - ==>  Preparing: select * from user
2020-06-17 08:18:24,053 459    [           main] DEBUG    com.cc.dao.IUserDao.findAll  - ==> Parameters: 
2020-06-17 08:18:24,070 476    [           main] DEBUG    com.cc.dao.IUserDao.findAll  - <==      Total: 6
2020-06-17 08:18:24,071 477    [           main] DEBUG ansaction.jdbc.JdbcTransaction  - Resetting autocommit to true on JDBC Connection [com.mysql.jdbc.JDBC4Connection@7e9a5fbe]
2020-06-17 08:18:24,071 477    [           main] DEBUG ansaction.jdbc.JdbcTransaction  - Closing JDBC Connection [com.mysql.jdbc.JDBC4Connection@7e9a5fbe]
2020-06-17 08:18:24,071 477    [           main] DEBUG source.pooled.PooledDataSource  - Returned connection 2124046270 to pool.
2020-06-17 08:19:10,398 0      [           main] DEBUG ache.ibatis.logging.LogFactory  - Logging initialized using 'class org.apache.ibatis.logging.log4j.Log4jImpl' adapter.
2020-06-17 08:19:10,417 19     [           main] DEBUG source.pooled.PooledDataSource  - PooledDataSource forcefully closed/removed all connections.
2020-06-17 08:19:10,417 19     [           main] DEBUG source.pooled.PooledDataSource  - PooledDataSource forcefully closed/removed all connections.
2020-06-17 08:19:10,417 19     [           main] DEBUG source.pooled.PooledDataSource  - PooledDataSource forcefully closed/removed all connections.
2020-06-17 08:19:10,417 19     [           main] DEBUG source.pooled.PooledDataSource  - PooledDataSource forcefully closed/removed all connections.
2020-06-17 08:19:10,485 87     [           main] DEBUG ansaction.jdbc.JdbcTransaction  - Opening JDBC Connection
2020-06-17 08:19:10,827 429    [           main] DEBUG source.pooled.PooledDataSource  - Created connection 1210898719.
2020-06-17 08:19:10,827 429    [           main] DEBUG ansaction.jdbc.JdbcTransaction  - Setting autocommit to false on JDBC Connection [com.mysql.jdbc.JDBC4Connection@482cd91f]
2020-06-17 08:19:10,830 432    [           main] DEBUG    com.cc.dao.IUserDao.findAll  - ==>  Preparing: select * from user
2020-06-17 08:19:10,852 454    [           main] DEBUG    com.cc.dao.IUserDao.findAll  - ==> Parameters: 
2020-06-17 08:19:10,867 469    [           main] DEBUG    com.cc.dao.IUserDao.findAll  - <==      Total: 6
2020-06-17 08:19:10,868 470    [           main] DEBUG ansaction.jdbc.JdbcTransaction  - Resetting autocommit to true on JDBC Connection [com.mysql.jdbc.JDBC4Connection@482cd91f]
2020-06-17 08:19:10,868 470    [           main] DEBUG ansaction.jdbc.JdbcTransaction  - Closing JDBC Connection [com.mysql.jdbc.JDBC4Connection@482cd91f]
2020-06-17 08:19:10,868 470    [           main] DEBUG source.pooled.PooledDataSource  - Returned connection 1210898719 to pool.
2020-06-17 08:20:03,273 0      [           main] DEBUG ache.ibatis.logging.LogFactory  - Logging initialized using 'class org.apache.ibatis.logging.log4j.Log4jImpl' adapter.
2020-06-17 08:20:03,293 20     [           main] DEBUG source.pooled.PooledDataSource  - PooledDataSource forcefully closed/removed all connections.
2020-06-17 08:20:03,293 20     [           main] DEBUG source.pooled.PooledDataSource  - PooledDataSource forcefully closed/removed all connections.
2020-06-17 08:20:03,293 20     [           main] DEBUG source.pooled.PooledDataSource  - PooledDataSource forcefully closed/removed all connections.
2020-06-17 08:20:03,293 20     [           main] DEBUG source.pooled.PooledDataSource  - PooledDataSource forcefully closed/removed all connections.
2020-06-17 08:20:03,369 96     [           main] DEBUG ansaction.jdbc.JdbcTransaction  - Opening JDBC Connection
2020-06-17 08:20:03,729 456    [           main] DEBUG source.pooled.PooledDataSource  - Created connection 1210898719.
2020-06-17 08:20:03,729 456    [           main] DEBUG ansaction.jdbc.JdbcTransaction  - Setting autocommit to false on JDBC Connection [com.mysql.jdbc.JDBC4Connection@482cd91f]
2020-06-17 08:20:03,733 460    [           main] DEBUG    com.cc.dao.IUserDao.findAll  - ==>  Preparing: select * from user
2020-06-17 08:20:03,760 487    [           main] DEBUG    com.cc.dao.IUserDao.findAll  - ==> Parameters: 
2020-06-17 08:20:03,777 504    [           main] DEBUG    com.cc.dao.IUserDao.findAll  - <==      Total: 6
2020-06-17 08:20:03,778 505    [           main] DEBUG ansaction.jdbc.JdbcTransaction  - Resetting autocommit to true on JDBC Connection [com.mysql.jdbc.JDBC4Connection@482cd91f]
2020-06-17 08:20:03,778 505    [           main] DEBUG ansaction.jdbc.JdbcTransaction  - Closing JDBC Connection [com.mysql.jdbc.JDBC4Connection@482cd91f]
2020-06-17 08:20:03,779 506    [           main] DEBUG source.pooled.PooledDataSource  - Returned connection 1210898719 to pool.
2020-06-17 08:20:31,119 0      [           main] DEBUG ache.ibatis.logging.LogFactory  - Logging initialized using 'class org.apache.ibatis.logging.log4j.Log4jImpl' adapter.
2020-06-17 08:20:31,150 31     [           main] DEBUG source.pooled.PooledDataSource  - PooledDataSource forcefully closed/removed all connections.
2020-06-17 08:20:31,150 31     [           main] DEBUG source.pooled.PooledDataSource  - PooledDataSource forcefully closed/removed all connections.
2020-06-17 08:20:31,150 31     [           main] DEBUG source.pooled.PooledDataSource  - PooledDataSource forcefully closed/removed all connections.
2020-06-17 08:20:31,150 31     [           main] DEBUG source.pooled.PooledDataSource  - PooledDataSource forcefully closed/removed all connections.
2020-06-17 08:20:31,251 132    [           main] DEBUG ansaction.jdbc.JdbcTransaction  - Opening JDBC Connection
2020-06-17 08:20:31,631 512    [           main] DEBUG source.pooled.PooledDataSource  - Created connection 2124046270.
2020-06-17 08:20:31,631 512    [           main] DEBUG ansaction.jdbc.JdbcTransaction  - Setting autocommit to false on JDBC Connection [com.mysql.jdbc.JDBC4Connection@7e9a5fbe]
2020-06-17 08:20:31,635 516    [           main] DEBUG    com.cc.dao.IUserDao.findAll  - ==>  Preparing: select * from user
2020-06-17 08:20:31,661 542    [           main] DEBUG    com.cc.dao.IUserDao.findAll  - ==> Parameters: 
2020-06-17 08:20:31,680 561    [           main] DEBUG    com.cc.dao.IUserDao.findAll  - <==      Total: 6
2020-06-17 08:20:31,681 562    [           main] DEBUG ansaction.jdbc.JdbcTransaction  - Resetting autocommit to true on JDBC Connection [com.mysql.jdbc.JDBC4Connection@7e9a5fbe]
2020-06-17 08:20:31,682 563    [           main] DEBUG ansaction.jdbc.JdbcTransaction  - Closing JDBC Connection [com.mysql.jdbc.JDBC4Connection@7e9a5fbe]
2020-06-17 08:20:31,682 563    [           main] DEBUG source.pooled.PooledDataSource  - Returned connection 2124046270 to pool.
2020-06-17 08:33:53,687 0      [           main] DEBUG ache.ibatis.logging.LogFactory  - Logging initialized using 'class org.apache.ibatis.logging.log4j.Log4jImpl' adapter.
2020-06-17 08:33:53,713 26     [           main] DEBUG source.pooled.PooledDataSource  - PooledDataSource forcefully closed/removed all connections.
2020-06-17 08:33:53,714 27     [           main] DEBUG source.pooled.PooledDataSource  - PooledDataSource forcefully closed/removed all connections.
2020-06-17 08:33:53,714 27     [           main] DEBUG source.pooled.PooledDataSource  - PooledDataSource forcefully closed/removed all connections.
2020-06-17 08:33:53,714 27     [           main] DEBUG source.pooled.PooledDataSource  - PooledDataSource forcefully closed/removed all connections.
2020-06-17 08:33:53,788 101    [           main] DEBUG ansaction.jdbc.JdbcTransaction  - Opening JDBC Connection
2020-06-17 08:33:54,162 475    [           main] DEBUG source.pooled.PooledDataSource  - Created connection 315860201.
2020-06-17 08:33:54,162 475    [           main] DEBUG ansaction.jdbc.JdbcTransaction  - Setting autocommit to false on JDBC Connection [com.mysql.jdbc.JDBC4Connection@12d3a4e9]
2020-06-17 08:33:54,166 479    [           main] DEBUG    com.cc.dao.IUserDao.findAll  - ==>  Preparing: select * from user;
2020-06-17 08:33:54,187 500    [           main] DEBUG    com.cc.dao.IUserDao.findAll  - ==> Parameters: 
2020-06-17 08:33:54,213 526    [           main] DEBUG    com.cc.dao.IUserDao.findAll  - <==      Total: 6
2020-06-17 08:33:54,214 527    [           main] DEBUG ansaction.jdbc.JdbcTransaction  - Resetting autocommit to true on JDBC Connection [com.mysql.jdbc.JDBC4Connection@12d3a4e9]
2020-06-17 08:33:54,215 528    [           main] DEBUG ansaction.jdbc.JdbcTransaction  - Closing JDBC Connection [com.mysql.jdbc.JDBC4Connection@12d3a4e9]
2020-06-17 08:33:54,215 528    [           main] DEBUG source.pooled.PooledDataSource  - Returned connection 315860201 to pool.
2020-06-17 08:35:01,864 0      [           main] DEBUG ache.ibatis.logging.LogFactory  - Logging initialized using 'class org.apache.ibatis.logging.log4j.Log4jImpl' adapter.
2020-06-17 08:35:01,895 31     [           main] DEBUG source.pooled.PooledDataSource  - PooledDataSource forcefully closed/removed all connections.
2020-06-17 08:35:01,895 31     [           main] DEBUG source.pooled.PooledDataSource  - PooledDataSource forcefully closed/removed all connections.
2020-06-17 08:35:01,895 31     [           main] DEBUG source.pooled.PooledDataSource  - PooledDataSource forcefully closed/removed all connections.
2020-06-17 08:35:01,896 32     [           main] DEBUG source.pooled.PooledDataSource  - PooledDataSource forcefully closed/removed all connections.
2020-06-17 08:35:01,992 128    [           main] DEBUG ansaction.jdbc.JdbcTransaction  - Opening JDBC Connection
2020-06-17 08:35:02,459 595    [           main] DEBUG source.pooled.PooledDataSource  - Created connection 315860201.
2020-06-17 08:35:02,459 595    [           main] DEBUG ansaction.jdbc.JdbcTransaction  - Setting autocommit to false on JDBC Connection [com.mysql.jdbc.JDBC4Connection@12d3a4e9]
2020-06-17 08:35:02,465 601    [           main] DEBUG   com.cc.dao.IUserDao.saveUser  - ==>  Preparing: insert into user(username, address, sex, birthday) values (?, ?, ?, ?);
2020-06-17 08:35:02,507 643    [           main] DEBUG   com.cc.dao.IUserDao.saveUser  - ==> Parameters: cheng(String), 南京市(String), 男(String), 2020-06-17 08:35:01.982(Timestamp)
2020-06-17 08:35:02,523 659    [           main] DEBUG   com.cc.dao.IUserDao.saveUser  - <==    Updates: 1
2020-06-17 08:35:02,523 659    [           main] DEBUG ansaction.jdbc.JdbcTransaction  - Rolling back JDBC Connection [com.mysql.jdbc.JDBC4Connection@12d3a4e9]
2020-06-17 08:35:02,538 674    [           main] DEBUG ansaction.jdbc.JdbcTransaction  - Resetting autocommit to true on JDBC Connection [com.mysql.jdbc.JDBC4Connection@12d3a4e9]
2020-06-17 08:35:02,539 675    [           main] DEBUG ansaction.jdbc.JdbcTransaction  - Closing JDBC Connection [com.mysql.jdbc.JDBC4Connection@12d3a4e9]
2020-06-17 08:35:02,539 675    [           main] DEBUG source.pooled.PooledDataSource  - Returned connection 315860201 to pool.
2020-06-17 08:35:52,730 0      [           main] DEBUG ache.ibatis.logging.LogFactory  - Logging initialized using 'class org.apache.ibatis.logging.log4j.Log4jImpl' adapter.
2020-06-17 08:35:52,756 26     [           main] DEBUG source.pooled.PooledDataSource  - PooledDataSource forcefully closed/removed all connections.
2020-06-17 08:35:52,756 26     [           main] DEBUG source.pooled.PooledDataSource  - PooledDataSource forcefully closed/removed all connections.
2020-06-17 08:35:52,756 26     [           main] DEBUG source.pooled.PooledDataSource  - PooledDataSource forcefully closed/removed all connections.
2020-06-17 08:35:52,757 27     [           main] DEBUG source.pooled.PooledDataSource  - PooledDataSource forcefully closed/removed all connections.
2020-06-17 08:35:52,867 137    [           main] DEBUG ansaction.jdbc.JdbcTransaction  - Opening JDBC Connection
2020-06-17 08:35:53,284 554    [           main] DEBUG source.pooled.PooledDataSource  - Created connection 315860201.
2020-06-17 08:35:53,284 554    [           main] DEBUG ansaction.jdbc.JdbcTransaction  - Setting autocommit to false on JDBC Connection [com.mysql.jdbc.JDBC4Connection@12d3a4e9]
2020-06-17 08:35:53,289 559    [           main] DEBUG   com.cc.dao.IUserDao.saveUser  - ==>  Preparing: insert into user(username, address, sex, birthday) values (?, ?, ?, ?);
2020-06-17 08:35:53,330 600    [           main] DEBUG   com.cc.dao.IUserDao.saveUser  - ==> Parameters: cheng(String), 南京市(String), 男(String), 2020-06-17 08:35:52.853(Timestamp)
2020-06-17 08:35:53,332 602    [           main] DEBUG   com.cc.dao.IUserDao.saveUser  - <==    Updates: 1
2020-06-17 08:35:53,333 603    [           main] DEBUG ansaction.jdbc.JdbcTransaction  - Committing JDBC Connection [com.mysql.jdbc.JDBC4Connection@12d3a4e9]
2020-06-17 08:35:53,335 605    [           main] DEBUG ansaction.jdbc.JdbcTransaction  - Resetting autocommit to true on JDBC Connection [com.mysql.jdbc.JDBC4Connection@12d3a4e9]
2020-06-17 08:35:53,337 607    [           main] DEBUG ansaction.jdbc.JdbcTransaction  - Closing JDBC Connection [com.mysql.jdbc.JDBC4Connection@12d3a4e9]
2020-06-17 08:35:53,337 607    [           main] DEBUG source.pooled.PooledDataSource  - Returned connection 315860201 to pool.
